2025-08-07 19:47:09,263 - INFO - Starting Browser Session...
2025-08-07 19:47:16,545 - INFO - Browser Launch Successfully.
2025-08-07 19:47:21,716 - INFO - URL Open Successfully.
2025-08-07 19:47:21,720 - INFO - TC_TB_001 Started..
2025-08-07 19:47:21,834 - INFO - Ticket Number Enter successfully.
2025-08-07 19:47:22,091 - INFO - Ticket Class Silver - $750 selected.
2025-08-07 19:47:22,112 - INFO - Registered User - 'Yes' selected.
2025-08-07 19:47:22,129 - INFO - Valid Promo Code Enter successfully.
2025-08-07 19:47:22,370 - INFO - Click on Book Now button successfully.
2025-08-07 19:47:22,383 - INFO - Test Failed. Expected Dollar Sign is not shown in the Display.
2025-08-07 19:47:22,749 - INFO - TC_TB_006 Completed..
2025-08-07 19:47:22,749 - INFO - Script Complete.
2025-08-07 19:47:25,998 - INFO - End Browser Session...
2025-08-07 19:47:25,998 - INFO - ...................
2025-08-07 19:47:25,998 - INFO - ...................
2025-08-07 19:48:01,084 - INFO - Starting Browser Session...
2025-08-07 19:48:08,691 - INFO - Browser Launch Successfully.
2025-08-07 19:48:12,005 - INFO - URL Open Successfully.
2025-08-07 19:48:12,010 - INFO - TC_TB_001 Started..
2025-08-07 19:48:12,171 - INFO - Ticket Number Enter successfully.
2025-08-07 19:48:12,413 - INFO - Ticket Class Silver - $750 selected.
2025-08-07 19:48:12,429 - INFO - Registered User - 'Yes' selected.
2025-08-07 19:48:12,445 - INFO - Valid Promo Code Enter successfully.
2025-08-07 19:48:12,677 - INFO - Click on Book Now button successfully.
2025-08-07 19:48:12,693 - INFO - Test Passed. Expected Final price match with Actual Final Price.
2025-08-07 19:48:12,693 - INFO - TC_TB_001 Completed..
2025-08-07 19:48:12,695 - INFO - Script Complete.
2025-08-07 19:48:15,757 - INFO - End Browser Session...
2025-08-07 19:48:15,757 - INFO - ...................
2025-08-07 19:48:15,757 - INFO - ...................
2025-08-07 19:48:15,759 - INFO - Starting Browser Session...
2025-08-07 19:48:22,009 - INFO - Browser Launch Successfully.
2025-08-07 19:48:23,180 - INFO - URL Open Successfully.
2025-08-07 19:48:23,181 - INFO - TC_TB_001 Started..
2025-08-07 19:48:23,309 - INFO - Ticket Number Enter successfully.
2025-08-07 19:48:23,562 - INFO - Ticket Class Platinum - $1500 selected.
2025-08-07 19:48:23,576 - INFO - Registered User - 'Yes' selected.
2025-08-07 19:48:23,594 - INFO - Valid Promo Code Enter successfully.
2025-08-07 19:48:23,827 - INFO - Click on Book Now button successfully.
2025-08-07 19:48:23,837 - INFO - Test Passed. Error Message Display Properly.
2025-08-07 19:48:23,837 - INFO - Script Complete.
2025-08-07 19:48:26,889 - INFO - End Browser Session...
2025-08-07 19:48:26,890 - INFO - ...................
2025-08-07 19:48:26,890 - INFO - ...................
2025-08-07 19:48:26,891 - INFO - Starting Browser Session...
2025-08-07 19:48:33,087 - INFO - Browser Launch Successfully.
2025-08-07 19:48:36,350 - INFO - URL Open Successfully.
2025-08-07 19:48:36,352 - INFO - TC_TB_006 Started..
2025-08-07 19:48:36,471 - INFO - Ticket Number Enter successfully.
2025-08-07 19:48:36,724 - INFO - Ticket Class Silver - $750 selected.
2025-08-07 19:48:36,740 - INFO - Registered User - 'Yes' selected.
2025-08-07 19:48:36,752 - INFO - Valid Promo Code Enter successfully.
2025-08-07 19:48:36,974 - INFO - Click on Book Now button successfully.
2025-08-07 19:48:36,984 - INFO - Test Failed. Expected Dollar Sign is not shown in the Display.
2025-08-07 19:48:37,391 - INFO - TC_TB_006 Completed..
2025-08-07 19:48:37,392 - INFO - Script Complete.
2025-08-07 19:48:40,611 - INFO - End Browser Session...
2025-08-07 19:48:40,612 - INFO - ...................
2025-08-07 19:48:40,612 - INFO - ...................
2025-08-07 19:50:57,652 - INFO - Starting Browser Session...
2025-08-07 19:51:04,577 - INFO - Browser Launch Successfully.
2025-08-07 19:51:07,467 - INFO - URL Open Successfully.
2025-08-07 19:51:07,468 - INFO - TC_TB_001 Started..
2025-08-07 19:51:07,600 - INFO - Ticket Number Enter successfully.
2025-08-07 19:51:07,863 - INFO - Ticket Class Silver - $750 selected.
2025-08-07 19:51:07,883 - INFO - Registered User - 'Yes' selected.
2025-08-07 19:51:07,900 - INFO - Valid Promo Code Enter successfully.
2025-08-07 19:51:08,126 - INFO - Click on Book Now button successfully.
2025-08-07 19:51:08,148 - INFO - Test Passed. Expected Final price match with Actual Final Price.
2025-08-07 19:51:08,148 - INFO - TC_TB_001 Completed..
2025-08-07 19:51:08,149 - INFO - Script Complete.
2025-08-07 19:51:11,254 - INFO - End Browser Session...
2025-08-07 19:51:11,254 - INFO - ...................
2025-08-07 19:51:11,254 - INFO - ...................
2025-08-07 19:57:39,295 - INFO - Starting Browser Session...
2025-08-07 19:57:46,454 - INFO - Browser Launch Successfully.
2025-08-07 19:57:49,076 - INFO - URL Open Successfully.
2025-08-07 19:57:49,139 - INFO - TC_TB_001 Started..
2025-08-07 19:57:49,753 - INFO - Ticket Number Enter successfully.
2025-08-07 19:57:50,011 - INFO - Ticket Class Silver - $750 selected.
2025-08-07 19:57:50,024 - INFO - Registered User - 'Yes' selected.
2025-08-07 19:57:50,042 - INFO - Valid Promo Code Enter successfully.
2025-08-07 19:57:50,266 - INFO - Click on Book Now button successfully.
2025-08-07 19:57:50,276 - INFO - Test Passed. Expected Final price match with Actual Final Price.
2025-08-07 19:57:50,277 - INFO - TC_TB_001 Completed..
2025-08-07 19:57:50,684 - INFO - Script Complete.
2025-08-07 19:57:54,268 - INFO - End Browser Session...
2025-08-07 19:57:54,268 - INFO - ...................
2025-08-07 19:57:54,268 - INFO - ...................
2025-08-07 19:59:23,356 - INFO - Starting Browser Session...
2025-08-07 19:59:29,732 - INFO - Browser Launch Successfully.
2025-08-07 19:59:31,360 - INFO - URL Open Successfully.
2025-08-07 19:59:31,361 - INFO - TC_TB_001 Started..
2025-08-07 19:59:31,557 - INFO - Ticket Number Enter successfully.
2025-08-07 19:59:31,790 - INFO - Ticket Class Silver - $750 selected.
2025-08-07 19:59:31,812 - INFO - Registered User - 'Yes' selected.
2025-08-07 19:59:31,832 - INFO - Valid Promo Code Enter successfully.
2025-08-07 19:59:32,053 - INFO - Click on Book Now button successfully.
2025-08-07 19:59:32,068 - INFO - Test Passed. Expected Final price match with Actual Final Price.
2025-08-07 19:59:32,068 - INFO - TC_TB_001 Completed..
2025-08-07 19:59:32,561 - INFO - Script Complete.
2025-08-07 19:59:35,683 - INFO - End Browser Session...
2025-08-07 19:59:35,683 - INFO - ...................
2025-08-07 19:59:35,685 - INFO - ...................
2025-08-07 20:01:15,871 - INFO - Starting Browser Session...
2025-08-07 20:01:24,404 - INFO - Browser Launch Successfully.
2025-08-07 20:01:26,049 - INFO - URL Open Successfully.
2025-08-07 20:01:26,050 - INFO - TC_TB_001 Started..
2025-08-07 20:01:26,158 - INFO - Ticket Number Enter successfully.
2025-08-07 20:01:26,402 - INFO - Ticket Class Silver - $750 selected.
2025-08-07 20:01:26,419 - INFO - Registered User - 'Yes' selected.
2025-08-07 20:01:26,437 - INFO - Valid Promo Code Enter successfully.
2025-08-07 20:01:26,665 - INFO - Click on Book Now button successfully.
2025-08-07 20:01:26,684 - INFO - Test Passed. Expected Final price match with Actual Final Price.
2025-08-07 20:01:26,684 - INFO - TC_TB_001 Completed..
2025-08-07 20:01:27,097 - INFO - Script Complete.
2025-08-07 20:01:30,347 - INFO - End Browser Session...
2025-08-07 20:01:30,347 - INFO - ...................
2025-08-07 20:01:30,347 - INFO - ...................
